[0m05:56:15.758877 [debug] [MainThread]: Sending event: {'category': 'dbt', 'action': 'invocation', 'label': 'start', 'context': [<snowplow_tracker.self_describing_json.SelfDescribingJson object at 0x7ea4c60c2ea0>, <snowplow_tracker.self_describing_json.SelfDescribingJson object at 0x7ea4c5ff3860>, <snowplow_tracker.self_describing_json.SelfDescribingJson object at 0x7ea4c6afeb40>]}


============================== 05:56:15.766209 | 3e95e44b-f8fc-4370-87e7-a13ce9961ee8 ==============================
[0m05:56:15.766209 [info ] [MainThread]: Running with dbt=1.10.11
[0m05:56:15.767549 [debug] [MainThread]: running dbt with arguments {'empty': 'None', 'no_print': 'None', 'warn_error': 'None', 'version_check': 'True', 'log_path': 'logs', 'write_json': 'True', 'invocation_command': 'dbt debug --profiles-dir /root/.dbt --project-dir .', 'debug': 'False', 'log_cache_events': 'False', 'profiles_dir': '/root/.dbt', 'quiet': 'False', 'send_anonymous_usage_stats': 'True', 'printer_width': '80', 'cache_selected_only': 'False', 'fail_fast': 'False', 'introspect': 'True', 'static_parser': 'True', 'partial_parse': 'True', 'use_experimental_parser': 'False', 'target_path': 'None', 'indirect_selection': 'eager', 'warn_error_options': 'WarnErrorOptionsV2(error=[], warn=[], silence=[])', 'use_colors': 'True', 'log_format': 'default'}
[0m05:56:15.781844 [info ] [MainThread]: dbt version: 1.10.11
[0m05:56:15.783009 [info ] [MainThread]: python version: 3.12.11
[0m05:56:15.783892 [info ] [MainThread]: python path: /usr/bin/python3
[0m05:56:15.784664 [info ] [MainThread]: os info: Linux-6.1.123+-x86_64-with-glibc2.35
[0m05:56:15.869175 [info ] [MainThread]: Using profiles dir at /root/.dbt
[0m05:56:15.870366 [info ] [MainThread]: Using profiles.yml file at /root/.dbt/profiles.yml
[0m05:56:15.871378 [info ] [MainThread]: Using dbt_project.yml file at ./dbt_project.yml
[0m05:56:15.872599 [info ] [MainThread]: adapter type: postgres
[0m05:56:15.873397 [info ] [MainThread]: adapter version: 1.9.1
[0m05:56:16.071747 [info ] [MainThread]: Configuration:
[0m05:56:16.072972 [info ] [MainThread]:   profiles.yml file [[32mOK found and valid[0m]
[0m05:56:16.073931 [info ] [MainThread]:   dbt_project.yml file [[32mOK found and valid[0m]
[0m05:56:16.074722 [info ] [MainThread]: Required dependencies:
[0m05:56:16.075499 [debug] [MainThread]: Executing "git --help"
[0m05:56:16.080345 [debug] [MainThread]: STDOUT: "b"usage: git [--version] [--help] [-C <path>] [-c <name>=<value>]\n           [--exec-path[=<path>]] [--html-path] [--man-path] [--info-path]\n           [-p | --paginate | -P | --no-pager] [--no-replace-objects] [--bare]\n           [--git-dir=<path>] [--work-tree=<path>] [--namespace=<name>]\n           [--super-prefix=<path>] [--config-env=<name>=<envvar>]\n           <command> [<args>]\n\nThese are common Git commands used in various situations:\n\nstart a working area (see also: git help tutorial)\n   clone     Clone a repository into a new directory\n   init      Create an empty Git repository or reinitialize an existing one\n\nwork on the current change (see also: git help everyday)\n   add       Add file contents to the index\n   mv        Move or rename a file, a directory, or a symlink\n   restore   Restore working tree files\n   rm        Remove files from the working tree and from the index\n\nexamine the history and state (see also: git help revisions)\n   bisect    Use binary search to find the commit that introduced a bug\n   diff      Show changes between commits, commit and working tree, etc\n   grep      Print lines matching a pattern\n   log       Show commit logs\n   show      Show various types of objects\n   status    Show the working tree status\n\ngrow, mark and tweak your common history\n   branch    List, create, or delete branches\n   commit    Record changes to the repository\n   merge     Join two or more development histories together\n   rebase    Reapply commits on top of another base tip\n   reset     Reset current HEAD to the specified state\n   switch    Switch branches\n   tag       Create, list, delete or verify a tag object signed with GPG\n\ncollaborate (see also: git help workflows)\n   fetch     Download objects and refs from another repository\n   pull      Fetch from and integrate with another repository or a local branch\n   push      Update remote refs along with associated objects\n\n'git help -a' and 'git help -g' list available subcommands and some\nconcept guides. See 'git help <command>' or 'git help <concept>'\nto read about a specific subcommand or concept.\nSee 'git help git' for an overview of the system.\n""
[0m05:56:16.081366 [debug] [MainThread]: STDERR: "b''"
[0m05:56:16.082169 [info ] [MainThread]:  - git [[32mOK found[0m]

[0m05:56:16.082881 [info ] [MainThread]: Connection:
[0m05:56:16.083642 [info ] [MainThread]:   host: localhost
[0m05:56:16.084361 [info ] [MainThread]:   port: 5432
[0m05:56:16.085018 [info ] [MainThread]:   user: root
[0m05:56:16.085710 [info ] [MainThread]:   database: financial_data
[0m05:56:16.086464 [info ] [MainThread]:   schema: public
[0m05:56:16.087144 [info ] [MainThread]:   connect_timeout: 10
[0m05:56:16.087787 [info ] [MainThread]:   role: None
[0m05:56:16.088455 [info ] [MainThread]:   search_path: None
[0m05:56:16.089138 [info ] [MainThread]:   keepalives_idle: 0
[0m05:56:16.089791 [info ] [MainThread]:   sslmode: None
[0m05:56:16.090476 [info ] [MainThread]:   sslcert: None
[0m05:56:16.091169 [info ] [MainThread]:   sslkey: None
[0m05:56:16.091822 [info ] [MainThread]:   sslrootcert: None
[0m05:56:16.092507 [info ] [MainThread]:   application_name: dbt
[0m05:56:16.093183 [info ] [MainThread]:   retries: 1
[0m05:56:16.094134 [info ] [MainThread]: Registered adapter: postgres=1.9.1
[0m05:56:16.224668 [debug] [MainThread]: Acquiring new postgres connection 'debug'
[0m05:56:16.275891 [debug] [MainThread]: Using postgres connection "debug"
[0m05:56:16.277095 [debug] [MainThread]: On debug: select 1 as id
[0m05:56:16.277979 [debug] [MainThread]: Opening a new connection, currently in state init
[0m05:56:16.295135 [debug] [MainThread]: SQL status: SELECT 1 in 0.017 seconds
[0m05:56:16.297185 [debug] [MainThread]: On debug: Close
[0m05:56:16.298462 [info ] [MainThread]:   Connection test: [[32mOK connection ok[0m]

[0m05:56:16.299682 [info ] [MainThread]: [32mAll checks passed![0m
[0m05:56:16.302254 [debug] [MainThread]: Resource report: {"command_name": "debug", "command_success": true, "command_wall_clock_time": 1.1084116, "process_in_blocks": "0", "process_kernel_time": 0.409813, "process_mem_max_rss": "138736", "process_out_blocks": "0", "process_user_time": 5.675095}
[0m05:56:16.303640 [debug] [MainThread]: Command `dbt debug` succeeded at 05:56:16.303401 after 1.11 seconds
[0m05:56:16.304663 [debug] [MainThread]: Connection 'debug' was properly closed.
[0m05:56:16.305620 [debug] [MainThread]: Sending event: {'category': 'dbt', 'action': 'invocation', 'label': 'end', 'context': [<snowplow_tracker.self_describing_json.SelfDescribingJson object at 0x7ea4c66fb320>, <snowplow_tracker.self_describing_json.SelfDescribingJson object at 0x7ea4c5d93fb0>, <snowplow_tracker.self_describing_json.SelfDescribingJson object at 0x7ea4c4978b30>]}
[0m05:56:16.309099 [debug] [MainThread]: Flushing usage events
[0m05:56:16.449567 [debug] [MainThread]: An error was encountered while trying to flush usage events
